master meta no match
master success start!
operation 1:graph is in?
operation 0:create graph
operation 2:get ip of vertex
operation 2:get ip of vertex
operation 2:get ip of vertex
operation 2:get ip of vertex
operation 2:get ip of vertex
operation 2:get ip of vertex
operation 2:get ip of vertex
operation 2:get ip of vertex
operation 2:get ip of vertex
operation 2:get ip of vertex
operation 2:get ip of vertex
operation 2:get ip of vertex
operation 2:get ip of vertex
operation 2:get ip of vertex
operation 2:get ip of vertex
operation 2:get ip of vertex
operation 2:get ip of vertex
operation 2:get ip of vertex
operation 2:get ip of vertex
operation 2:get ip of vertex
operation 2:get ip of vertex
operation 2:get ip of vertex
operation 2:get ip of vertex
operation 2:get ip of vertex
operation 2:get ip of vertex
operation 2:get ip of vertex
operation 2:get ip of vertex
operation 2:get ip of vertex
operation 2:get ip of vertex
operation 2:get ip of vertex
operation 2:get ip of vertex
operation 2:get ip of vertex
operation 2:get ip of vertex
operation 2:get ip of vertex
operation 2:get ip of vertex
operation 2:get ip of vertex
operation 2:get ip of vertex
operation 2:get ip of vertex
operation 2:get ip of vertex
operation 2:get ip of vertex
operation 2:get ip of vertex
operation 2:get ip of vertex
operation 2:get ip of vertex
operation 2:get ip of vertex
operation 2:get ip of vertex
operation 2:get ip of vertex
operation 2:get ip of vertex
operation 2:get ip of vertex
operation 2:get ip of vertex
operation 2:get ip of vertex
operation 2:get ip of vertex
operation 2:get ip of vertex
operation 2:get ip of vertex
operation 2:get ip of vertex
operation 2:get ip of vertex
operation 2:get ip of vertex
operation 2:get ip of vertex
operation 2:get ip of vertex
operation 2:get ip of vertex
operation 2:get ip of vertex
operation 2:get ip of vertex
operation 2:get ip of vertex
operation 2:get ip of vertex
operation 2:get ip of vertex
operation 2:get ip of vertex
operation 2:get ip of vertex
operation 2:get ip of vertex
operation 2:get ip of vertex
operation 2:get ip of vertex
operation 2:get ip of vertex
operation 2:get ip of vertex
operation 2:get ip of vertex
operation 2:get ip of vertex
operation 2:get ip of vertex
operation 2:get ip of vertex
operation 2:get ip of vertex
operation 2:get ip of vertex
operation 2:get ip of vertex
operation 2:get ip of vertex
operation 2:get ip of vertex
operation 2:get ip of vertex
operation 2:get ip of vertex
operation 2:get ip of vertex
operation 2:get ip of vertex
operation 2:get ip of vertex
operation 2:get ip of vertex
operation 2:get ip of vertex
operation 2:get ip of vertex
operation 2:get ip of vertex
operation 2:get ip of vertex
operation 2:get ip of vertex
operation 2:get ip of vertex
operation 2:get ip of vertex
operation 2:get ip of vertex
operation 2:get ip of vertex
operation 2:get ip of vertex
operation 2:get ip of vertex
operation 2:get ip of vertex
operation 2:get ip of vertex
operation 2:get ip of vertex
operation 1:graph is in?
operation 2:get ip of vertex
operation 2:get ip of vertex
operation 2:get ip of vertex
operation 2:get ip of vertex
operation 2:get ip of vertex
operation 2:get ip of vertex
operation 2:get ip of vertex
operation 2:get ip of vertex
operation 2:get ip of vertex
operation 2:get ip of vertex
operation 2:get ip of vertex
operation 2:get ip of vertex
operation 2:get ip of vertex
operation 2:get ip of vertex
operation 2:get ip of vertex
operation 2:get ip of vertex
operation 2:get ip of vertex
operation 2:get ip of vertex
operation 2:get ip of vertex
operation 2:get ip of vertex
operation 2:get ip of vertex
operation 2:get ip of vertex
operation 2:get ip of vertex
operation 2:get ip of vertex
operation 2:get ip of vertex
operation 2:get ip of vertex
operation 2:get ip of vertex
operation 2:get ip of vertex
operation 2:get ip of vertex
operation 2:get ip of vertex
operation 2:get ip of vertex
operation 2:get ip of vertex
operation 2:get ip of vertex
operation 2:get ip of vertex
operation 2:get ip of vertex
operation 2:get ip of vertex
operation 2:get ip of vertex
operation 2:get ip of vertex
operation 2:get ip of vertex
operation 2:get ip of vertex
operation 2:get ip of vertex
operation 2:get ip of vertex
operation 2:get ip of vertex
operation 2:get ip of vertex
operation 2:get ip of vertex
operation 2:get ip of vertex
operation 2:get ip of vertex
operation 2:get ip of vertex
operation 2:get ip of vertex
operation 2:get ip of vertex
operation 2:get ip of vertex
operation 2:get ip of vertex
operation 2:get ip of vertex
operation 2:get ip of vertex
operation 2:get ip of vertex
operation 2:get ip of vertex
operation 2:get ip of vertex
operation 2:get ip of vertex
operation 2:get ip of vertex
operation 2:get ip of vertex
operation 2:get ip of vertex
operation 2:get ip of vertex
operation 2:get ip of vertex
operation 2:get ip of vertex
operation 2:get ip of vertex
operation 2:get ip of vertex
operation 2:get ip of vertex
operation 2:get ip of vertex
operation 2:get ip of vertex
operation 2:get ip of vertex
operation 2:get ip of vertex
operation 2:get ip of vertex
operation 2:get ip of vertex
operation 2:get ip of vertex
operation 2:get ip of vertex
operation 2:get ip of vertex
operation 2:get ip of vertex
operation 2:get ip of vertex
operation 2:get ip of vertex
operation 2:get ip of vertex
operation 2:get ip of vertex
operation 2:get ip of vertex
operation 2:get ip of vertex
operation 2:get ip of vertex
operation 2:get ip of vertex
operation 2:get ip of vertex
operation 2:get ip of vertex
operation 2:get ip of vertex
operation 2:get ip of vertex
operation 2:get ip of vertex
operation 2:get ip of vertex
operation 2:get ip of vertex
operation 2:get ip of vertex
operation 2:get ip of vertex
operation 2:get ip of vertex
operation 2:get ip of vertex
operation 2:get ip of vertex
operation 2:get ip of vertex
operation 2:get ip of vertex
operation 2:get ip of vertex
operation 1:graph is in?
