thread 140620307883776startthread 140620400105216start

thread 140620307883776waiting......
thread 140620400105216waiting......
thread 140620299491072start
thread 140620299491072waiting......
thread 140620316276480start
thread 140620316276480waiting......
thread 140620282705664start
thread 140620282705664waiting......
thread 140620291098368start
thread 140620291098368waiting......
thread 140620274312960start
thread 140620274312960waiting......
thread 140620265920256start
thread 140620265920256waiting......
thread 140619905230592start
thread 140619905230592thread waiting......140619913623296start

thread 140619913623296waiting......
slave success start!
parse:0
thread 140620400105216->operation 7:add many vertexes
/home/zhaomasha/graphdata/test no match
1 head.free_head:2557 2558 2558 2559
2 head.free_head:2557 2558 2558 2559
0 head.free_head:2557 2558 2558 2559
thread 140620400105216waiting......
parse:0
thread 140620307883776->operation 7:add many vertexes
thread 140620307883776waiting......
parse:0
thread 140620299491072->operation 7:add many vertexes
thread 140620299491072waiting......
parse:0
thread 140620316276480->operation 7:add many vertexes
thread 140620316276480waiting......
parse:0
thread 140620282705664->operation 7:add many vertexes
1 head.free_head:2556 2557 2557 2559
2 head.free_head:2556 2557 2557 2559
0 head.free_head:2556 2557 2557 2559
thread 140620282705664waiting......
parse:0
thread 140620291098368->operation 7:add many vertexes
thread 140620291098368waiting......
parse:0
thread 140620274312960->operation 7:add many vertexes
thread 140620274312960waiting......
parse:0
thread 140620265920256->operation 6:add many edges
1 head.free_head:2555 2556 2556 2559
thread 140620265920256waiting......
parse:0
thread 140619905230592->operation 6:add many edges
2 head.free_head:2555 2556 2556 2559
thread 140619905230592waiting......
parse:0
thread 140619913623296->operation 6:add many edges
0 head.free_head:2555 2556 2556 2559
thread 140619913623296waiting......
parse:0
thread 140620400105216->operation 6:add many edges
1 head.free_head:2554 2555 2555 2559
thread 140620400105216waiting......
parse:0
thread 140620307883776->operation 6:add many edges
2 head.free_head:2554 2555 2555 2559
thread 140620307883776waiting......
parse:0
thread 140620299491072->operation 6:add many edges
0 head.free_head:2554 2555 2555 2559
thread 140620299491072waiting......
parse:0
thread 140620316276480->operation 6:add many edges
1 head.free_head:2553 2554 2554 2559
thread 140620316276480waiting......
parse:0
thread 140620282705664->operation 6:add many edges
2 head.free_head:2553 2554 2554 2559
thread 140620282705664waiting......
parse:0
thread 140620291098368->operation 6:add many edges
0 head.free_head:2553 2554 2554 2559
thread 140620291098368waiting......
parse:0
thread 140620274312960->operation 6:add many edges
1 head.free_head:2552 2553 2553 2559
thread 140620274312960waiting......
parse:0
thread 140620265920256->operation 6:add many edges
2 head.free_head:2552 2553 2553 2559
thread 140620265920256waiting......
parse:0
thread 140619905230592->operation 6:add many edges
0 head.free_head:2552 2553 2553 2559
thread 140619905230592waiting......
parse:0
thread 140619913623296->operation 6:add many edges
1 head.free_head:2551 2552 2552 2559
thread 140619913623296waiting......
parse:0
thread 140620400105216->operation 6:add many edges
2 head.free_head:2551 2552 2552 2559
thread 140620400105216waiting......
parse:0
thread 140620307883776->operation 6:add many edges
0 head.free_head:2551 2552 2552 2559
thread 140620307883776waiting......
parse:0
thread 140620299491072->operation 6:add many edges
1 head.free_head:2550 2551 2551 2559
thread 140620299491072waiting......
parse:0
thread 140620316276480->operation 6:add many edges
2 head.free_head:2550 2551 2551 2559
thread 140620316276480waiting......
parse:0
thread 140620282705664->operation 6:add many edges
0 head.free_head:2550 2551 2551 2559
thread 140620282705664waiting......
parse:0
thread 140620291098368->operation 6:add many edges
1 head.free_head:2549 2550 2550 2559
thread 140620291098368waiting......
parse:0
thread 140620274312960->operation 6:add many edges
2 head.free_head:2549 2550 2550 2559
thread 140620274312960waiting......
parse:0
thread 140620265920256->operation 6:add many edges
0 head.free_head:2549 2550 2550 2559
thread 140620265920256waiting......
parse:0
thread 140619905230592->operation 6:add many edges
1 head.free_head:2548 2549 2549 2559
thread 140619905230592waiting......
parse:0
thread 140619913623296->operation 6:add many edges
2 head.free_head:2548 2549 2549 2559
thread 140619913623296waiting......
parse:0
thread 140620400105216->operation 6:add many edges
0 head.free_head:2548 2549 2549 2559
thread 140620400105216waiting......
parse:0
thread 140620307883776->operation 6:add many edges
1 head.free_head:2547 2548 2548 2559
thread 140620307883776waiting......
parse:0
thread 140620299491072->operation 6:add many edges
2 head.free_head:2547 2548 2548 2559
thread 140620299491072waiting......
parse:0
thread 140620316276480->operation 6:add many edges
0 head.free_head:2547 2548 2548 2559
thread 140620316276480waiting......
parse:0
thread 140620282705664->operation 6:add many edges
1 head.free_head:2546 2547 2547 2559
thread 140620282705664waiting......
parse:0
thread 140620291098368->operation 6:add many edges
2 head.free_head:2546 2547 2547 2559
thread 140620291098368waiting......
parse:0
thread 140620274312960->operation 6:add many edges
0 head.free_head:2546 2547 2547 2559
thread 140620274312960waiting......
parse:0
thread 140620265920256->operation 6:add many edges
1 head.free_head:2545 2546 2546 2559
thread 140620265920256waiting......
parse:0
thread 140619905230592->operation 6:add many edges
2 head.free_head:2545 2546 2546 2559
thread 140619905230592waiting......
parse:0
thread 140619913623296->operation 6:add many edges
0 head.free_head:2545 2546 2546 2559
thread 140619913623296waiting......
parse:0
thread 140620400105216->operation 6:add many edges
1 head.free_head:2544 2545 2545 2559
thread 140620400105216waiting......
parse:0
thread 140620307883776->operation 6:add many edges
2 head.free_head:2544 2545 2545 2559
thread 140620307883776waiting......
parse:0
thread 140620299491072->operation 6:add many edges
0 head.free_head:2544 2545 2545 2559
thread 140620299491072waiting......
parse:0
thread 140620316276480->operation 6:add many edges
1 head.free_head:2543 2544 2544 2559
thread 140620316276480waiting......
parse:0
thread 140620282705664->operation 6:add many edges
2 head.free_head:2543 2544 2544 2559
thread 140620282705664waiting......
parse:0
thread 140620291098368->operation 6:add many edges
0 head.free_head:2543 2544 2544 2559
thread 140620291098368waiting......
parse:0
thread 140620274312960->operation 6:add many edges
1 head.free_head:2542 2543 2543 2559
thread 140620274312960waiting......
parse:0
thread 140620265920256->operation 6:add many edges
2 head.free_head:2542 2543 2543 2559
thread 140620265920256waiting......
parse:0
thread 140619905230592->operation 6:add many edges
0 head.free_head:2542 2543 2543 2559
thread 140619905230592waiting......
parse:0
thread 140619913623296->operation 6:add many edges
1 head.free_head:2541 2542 2542 2559
thread 140619913623296waiting......
parse:0
thread 140620400105216->operation 6:add many edges
2 head.free_head:2541 2542 2542 2559
thread 140620400105216waiting......
parse:0
thread 140620307883776->operation 6:add many edges
0 head.free_head:2541 2542 2542 2559
thread 140620307883776waiting......
parse:0
thread 140620299491072->operation 6:add many edges
1 head.free_head:2540 2541 2541 2559
thread 140620299491072waiting......
parse:0
thread 140620316276480->operation 6:add many edges
2 head.free_head:2540 2541 2541 2559
thread 140620316276480waiting......
parse:0
thread 140620282705664->operation 6:add many edges
0 head.free_head:2540 2541 2541 2559
thread 140620282705664waiting......
parse:0
thread 140620291098368->operation 6:add many edges
1 head.free_head:2539 2540 2540 2559
thread 140620291098368waiting......
parse:0
thread 140620274312960->operation 6:add many edges
2 head.free_head:2539 2540 2540 2559
thread 140620274312960waiting......
parse:0
thread 140620265920256->operation 6:add many edges
0 head.free_head:2539 2540 2540 2559
thread 140620265920256waiting......
parse:0
thread 140619905230592->operation 6:add many edges
1 head.free_head:2538 2539 2539 2559
thread 140619905230592waiting......
parse:0
thread 140619913623296->operation 6:add many edges
2 head.free_head:2538 2539 2539 2559
thread 140619913623296waiting......
parse:0
thread 140620400105216->operation 6:add many edges
0 head.free_head:2538 2539 2539 2559
thread 140620400105216waiting......
parse:0
thread 140620307883776->operation 6:add many edges
1 head.free_head:2537 2538 2538 2559
thread 140620307883776waiting......
parse:0
thread 140620299491072->operation 6:add many edges
2 head.free_head:2537 2538 2538 2559
thread 140620299491072waiting......
parse:0
thread 140620316276480->operation 6:add many edges
0 head.free_head:2537 2538 2538 2559
thread 140620316276480waiting......
parse:0
thread 140620282705664->operation 6:add many edges
1 head.free_head:2536 2537 2537 2559
thread 140620282705664waiting......
parse:0
thread 140620291098368->operation 6:add many edges
2 head.free_head:2536 2537 2537 2559
thread 140620291098368waiting......
parse:0
thread 140620274312960->operation 6:add many edges
0 head.free_head:2536 2537 2537 2559
thread 140620274312960waiting......
parse:0
thread 140620265920256->operation 6:add many edges
1 head.free_head:2535 2536 2536 2559
thread 140620265920256waiting......
parse:0
thread 140619905230592->operation 6:add many edges
2 head.free_head:2535 2536 2536 2559
thread 140619905230592waiting......
parse:0
thread 140619913623296->operation 6:add many edges
0 head.free_head:2535 2536 2536 2559
thread 140619913623296waiting......
parse:0
thread 140620400105216->operation 6:add many edges
1 head.free_head:2534 2535 2535 2559
thread 140620400105216waiting......
parse:0
thread 140620307883776->operation 6:add many edges
2 head.free_head:2534 2535 2535 2559
thread 140620307883776waiting......
parse:0
thread 140620299491072->operation 6:add many edges
0 head.free_head:2534 2535 2535 2559
thread 140620299491072waiting......
parse:0
thread 140620316276480->operation 6:add many edges
1 head.free_head:2533 2534 2534 2559
thread 140620316276480waiting......
parse:0
thread 140620282705664->operation 6:add many edges
2 head.free_head:2533 2534 2534 2559
thread 140620282705664waiting......
parse:0
thread 140620291098368->operation 6:add many edges
0 head.free_head:2533 2534 2534 2559
thread 140620291098368waiting......
parse:0
thread 140620274312960->operation 6:add many edges
1 head.free_head:2532 2533 2533 2559
thread 140620274312960waiting......
parse:0
thread 140620265920256->operation 6:add many edges
2 head.free_head:2532 2533 2533 2559
thread 140620265920256waiting......
parse:0
thread 140619905230592->operation 6:add many edges
0 head.free_head:2532 2533 2533 2559
thread 140619905230592waiting......
parse:0
thread 140619913623296->operation 6:add many edges
1 head.free_head:2531 2532 2532 2559
thread 140619913623296waiting......
parse:0
thread 140620400105216->operation 6:add many edges
2 head.free_head:2531 2532 2532 2559
thread 140620400105216waiting......
parse:0
thread 140620307883776->operation 6:add many edges
0 head.free_head:2531 2532 2532 2559
thread 140620307883776waiting......
parse:0
thread 140620299491072->operation 6:add many edges
1 head.free_head:2530 2531 2531 2559
thread 140620299491072waiting......
parse:0
thread 140620316276480->operation 6:add many edges
2 head.free_head:2530 2531 2531 2559
thread 140620316276480waiting......
parse:0
thread 140620282705664->operation 6:add many edges
0 head.free_head:2530 2531 2531 2559
thread 140620282705664waiting......
parse:0
thread 140620291098368->operation 6:add many edges
1 head.free_head:2529 2530 2530 2559
thread 140620291098368waiting......
parse:0
thread 140620274312960->operation 6:add many edges
2 head.free_head:2529 2530 2530 2559
thread 140620274312960waiting......
parse:0
thread 140620265920256->operation 6:add many edges
0 head.free_head:2529 2530 2530 2559
thread 140620265920256waiting......
parse:0
thread 140619905230592->operation 6:add many edges
1 head.free_head:2528 2529 2529 2559
thread 140619905230592waiting......
parse:0
thread 140619913623296->operation 6:add many edges
2 head.free_head:2528 2529 2529 2559
thread 140619913623296waiting......
parse:0
thread 140620400105216->operation 6:add many edges
0 head.free_head:2528 2529 2529 2559
thread 140620400105216waiting......
parse:0
thread 140620307883776->operation 6:add many edges
1 head.free_head:2527 2528 2528 2559
thread 140620307883776waiting......
parse:0
thread 140620299491072->operation 6:add many edges
2 head.free_head:2527 2528 2528 2559
thread 140620299491072waiting......
parse:0
thread 140620316276480->operation 6:add many edges
0 head.free_head:2527 2528 2528 2559
thread 140620316276480waiting......
parse:0
thread 140620282705664->operation 6:add many edges
1 head.free_head:2526 2527 2527 2559
thread 140620282705664waiting......
parse:0
thread 140620291098368->operation 6:add many edges
2 head.free_head:2526 2527 2527 2559
thread 140620291098368waiting......
parse:0
thread 140620274312960->operation 6:add many edges
0 head.free_head:2526 2527 2527 2559
thread 140620274312960waiting......
parse:0
thread 140620265920256->operation 6:add many edges
1 head.free_head:2525 2526 2526 2559
thread 140620265920256waiting......
parse:0
thread 140619905230592->operation 6:add many edges
2 head.free_head:2525 2526 2526 2559
thread 140619905230592waiting......
parse:0
thread 140619913623296->operation 6:add many edges
0 head.free_head:2525 2526 2526 2559
thread 140619913623296waiting......
parse:0
thread 140620400105216->operation 6:add many edges
1 head.free_head:2524 2525 2525 2559
thread 140620400105216waiting......
parse:0
thread 140620307883776->operation 6:add many edges
2 head.free_head:2524 2525 2525 2559
thread 140620307883776waiting......
parse:0
thread 140620299491072->operation 6:add many edges
0 head.free_head:2524 2525 2525 2559
thread 140620299491072waiting......
parse:0
thread 140620316276480->operation 6:add many edges
1 head.free_head:2523 2524 2524 2559
thread 140620316276480waiting......
parse:0
thread 140620282705664->operation 6:add many edges
2 head.free_head:2523 2524 2524 2559
thread 140620282705664waiting......
parse:0
thread 140620291098368->operation 6:add many edges
0 head.free_head:2523 2524 2524 2559
thread 140620291098368waiting......
parse:0
thread 140620274312960->operation 6:add many edges
1 head.free_head:2522 2523 2523 2559
thread 140620274312960waiting......
parse:0
thread 140620265920256->operation 6:add many edges
2 head.free_head:2522 2523 2523 2559
thread 140620265920256waiting......
parse:0
thread 140619905230592->operation 6:add many edges
0 head.free_head:2522 2523 2523 2559
thread 140619905230592waiting......
parse:0
thread 140619913623296->operation 6:add many edges
1 head.free_head:2521 2522 2522 2559
thread 140619913623296waiting......
parse:0
thread 140620400105216->operation 6:add many edges
2 head.free_head:2521 2522 2522 2559
thread 140620400105216waiting......
parse:0
thread 140620307883776->operation 6:add many edges
0 head.free_head:2521 2522 2522 2559
thread 140620307883776waiting......
parse:0
thread 140620299491072->operation 6:add many edges
1 head.free_head:2520 2521 2521 2559
thread 140620299491072waiting......
parse:0
thread 140620316276480->operation 6:add many edges
2 head.free_head:2520 2521 2521 2559
thread 140620316276480waiting......
parse:0
thread 140620282705664->operation 6:add many edges
0 head.free_head:2520 2521 2521 2559
thread 140620282705664waiting......
parse:0
thread 140620291098368->operation 6:add many edges
1 head.free_head:2519 2520 2520 2559
thread 140620291098368waiting......
parse:0
thread 140620274312960->operation 6:add many edges
2 head.free_head:2519 2520 2520 2559
thread 140620274312960waiting......
parse:0
thread 140620265920256->operation 6:add many edges
0 head.free_head:2519 2520 2520 2559
thread 140620265920256waiting......
parse:0
thread 140619905230592->operation 6:add many edges
1 head.free_head:2518 2519 2519 2559
thread 140619905230592waiting......
parse:0
thread 140619913623296->operation 6:add many edges
2 head.free_head:2518 2519 2519 2559
thread 140619913623296waiting......
parse:0
thread 140620400105216->operation 6:add many edges
0 head.free_head:2518 2519 2519 2559
thread 140620400105216waiting......
parse:0
thread 140620307883776->operation 6:add many edges
1 head.free_head:2517 2518 2518 2559
thread 140620307883776waiting......
parse:0
thread 140620299491072->operation 6:add many edges
2 head.free_head:2517 2518 2518 2559
thread 140620299491072waiting......
parse:0
thread 140620316276480->operation 6:add many edges
0 head.free_head:2517 2518 2518 2559
thread 140620316276480waiting......
parse:0
thread 140620282705664->operation 6:add many edges
1 head.free_head:2516 2517 2517 2559
thread 140620282705664waiting......
parse:0
thread 140620291098368->operation 6:add many edges
2 head.free_head:2516 2517 2517 2559
thread 140620291098368waiting......
parse:0
thread 140620274312960->operation 6:add many edges
0 head.free_head:2516 2517 2517 2559
thread 140620274312960waiting......
parse:1
thread 140620265920256->operation 6:add many edges
1 head.free_head:2515 2516 2516 2559
thread 140620265920256waiting......
parse:0
thread 140619905230592->operation 6:add many edges
2 head.free_head:2515 2516 2516 2559
thread 140619905230592waiting......
parse:0
thread 140619913623296->operation 6:add many edges
0 head.free_head:2515 2516 2516 2559
thread 140619913623296waiting......
parse:0
thread 140620400105216->operation 6:add many edges
1 head.free_head:2514 2515 2515 2559
thread 140620400105216waiting......
parse:0
thread 140620307883776->operation 6:add many edges
2 head.free_head:2514 2515 2515 2559
thread 140620307883776waiting......
parse:0
thread 140620299491072->operation 6:add many edges
0 head.free_head:2514 2515 2515 2559
thread 140620299491072waiting......
parse:0
thread 140620316276480->operation 6:add many edges
1 head.free_head:2513 2514 2514 2559
thread 140620316276480waiting......
parse:0
thread 140620282705664->operation 6:add many edges
2 head.free_head:2513 2514 2514 2559
thread 140620282705664waiting......
parse:0
thread 140620291098368->operation 6:add many edges
0 head.free_head:2513 2514 2514 2559
thread 140620291098368waiting......
parse:0
thread 140620274312960->operation 6:add many edges
1 head.free_head:2512 2513 2513 2559
thread 140620274312960waiting......
parse:0
thread 140620265920256->operation 6:add many edges
2 head.free_head:2512 2513 2513 2559
thread 140620265920256waiting......
parse:0
thread 140619905230592->operation 6:add many edges
0 head.free_head:2512 2513 2513 2559
thread 140619905230592waiting......
parse:0
thread 140619913623296->operation 6:add many edges
1 head.free_head:2511 2512 2512 2559
thread 140619913623296waiting......
parse:0
thread 140620400105216->operation 6:add many edges
2 head.free_head:2511 2512 2512 2559
thread 140620400105216waiting......
parse:0
thread 140620307883776->operation 6:add many edges
0 head.free_head:2511 2512 2512 2559
thread 140620307883776waiting......
parse:0
thread 140620299491072->operation 6:add many edges
1 head.free_head:2510 2511 2511 2559
thread 140620299491072waiting......
parse:0
thread 140620316276480->operation 6:add many edges
2 head.free_head:2510 2511 2511 2559
thread 140620316276480waiting......
parse:0
thread 140620282705664->operation 6:add many edges
0 head.free_head:2510 2511 2511 2559
thread 140620282705664waiting......
parse:0
thread 140620291098368->operation 6:add many edges
1 head.free_head:2509 2510 2510 2559
thread 140620291098368waiting......
parse:0
thread 140620274312960->operation 6:add many edges
2 head.free_head:2509 2510 2510 2559
thread 140620274312960waiting......
parse:0
thread 140620265920256->operation 6:add many edges
0 head.free_head:2509 2510 2510 2559
thread 140620265920256waiting......
parse:0
thread 140619905230592->operation 6:add many edges
1 head.free_head:2508 2509 2509 2559
thread 140619905230592waiting......
parse:0
thread 140619913623296->operation 6:add many edges
2 head.free_head:2508 2509 2509 2559
thread 140619913623296waiting......
parse:0
thread 140620400105216->operation 6:add many edges
0 head.free_head:2508 2509 2509 2559
thread 140620400105216waiting......
parse:0
thread 140620307883776->operation 6:add many edges
1 head.free_head:2507 2508 2508 2559
thread 140620307883776waiting......
parse:0
thread 140620299491072->operation 6:add many edges
2 head.free_head:2507 2508 2508 2559
thread 140620299491072waiting......
parse:0
thread 140620316276480->operation 6:add many edges
0 head.free_head:2507 2508 2508 2559
thread 140620316276480waiting......
parse:0
thread 140620282705664->operation 6:add many edges
1 head.free_head:2506 2507 2507 2559
thread 140620282705664waiting......
parse:0
thread 140620291098368->operation 6:add many edges
2 head.free_head:2506 2507 2507 2559
thread 140620291098368waiting......
parse:0
thread 140620274312960->operation 6:add many edges
0 head.free_head:2506 2507 2507 2559
thread 140620274312960waiting......
parse:0
thread 140620265920256->operation 6:add many edges
1 head.free_head:2505 2506 2506 2559
thread 140620265920256waiting......
parse:0
thread 140619905230592->operation 6:add many edges
2 head.free_head:2505 2506 2506 2559
thread 140619905230592waiting......
parse:0
thread 140619913623296->operation 6:add many edges
0 head.free_head:2505 2506 2506 2559
thread 140619913623296waiting......
parse:0
thread 140620400105216->operation 6:add many edges
1 head.free_head:2504 2505 2505 2559
thread 140620400105216waiting......
parse:0
thread 140620307883776->operation 6:add many edges
2 head.free_head:2504 2505 2505 2559
thread 140620307883776waiting......
parse:0
thread 140620299491072->operation 6:add many edges
0 head.free_head:2504 2505 2505 2559
thread 140620299491072waiting......
parse:0
thread 140620316276480->operation 6:add many edges
1 head.free_head:2503 2504 2504 2559
thread 140620316276480waiting......
parse:0
thread 140620282705664->operation 6:add many edges
2 head.free_head:2503 2504 2504 2559
thread 140620282705664waiting......
parse:0
thread 140620291098368->operation 6:add many edges
0 head.free_head:2503 2504 2504 2559
thread 140620291098368waiting......
parse:0
thread 140620274312960->operation 6:add many edges
1 head.free_head:2502 2503 2503 2559
thread 140620274312960waiting......
parse:0
thread 140620265920256->operation 6:add many edges
2 head.free_head:2502 2503 2503 2559
thread 140620265920256waiting......
parse:0
thread 140619905230592->operation 6:add many edges
0 head.free_head:2502 2503 2503 2559
thread 140619905230592waiting......
parse:0
thread 140619913623296->operation 6:add many edges
1 head.free_head:2501 2502 2502 2559
thread 140619913623296waiting......
parse:0
thread 140620400105216->operation 6:add many edges
2 head.free_head:2501 2502 2502 2559
thread 140620400105216waiting......
parse:0
thread 140620307883776->operation 6:add many edges
0 head.free_head:2501 2502 2502 2559
thread 140620307883776waiting......
parse:0
thread 140620299491072->operation 6:add many edges
1 head.free_head:2500 2501 2501 2559
thread 140620299491072waiting......
parse:0
thread 140620316276480->operation 6:add many edges
2 head.free_head:2500 2501 2501 2559
thread 140620316276480waiting......
parse:0
thread 140620282705664->operation 6:add many edges
0 head.free_head:2500 2501 2501 2559
thread 140620282705664waiting......
parse:0
thread 140620291098368->operation 6:add many edges
1 head.free_head:2499 2500 2500 2559
thread 140620291098368waiting......
parse:0
thread 140620274312960->operation 6:add many edges
2 head.free_head:2499 2500 2500 2559
thread 140620274312960waiting......
parse:0
thread 140620265920256->operation 6:add many edges
0 head.free_head:2499 2500 2500 2559
thread 140620265920256waiting......
parse:0
thread 140619905230592->operation 6:add many edges
1 head.free_head:2498 2499 2499 2559
thread 140619905230592waiting......
parse:1
thread 140619913623296->operation 6:add many edges
2 head.free_head:2498 2499 2499 2559
thread 140619913623296waiting......
parse:0
thread 140620400105216->operation 6:add many edges
0 head.free_head:2498 2499 2499 2559
thread 140620400105216waiting......
parse:0
thread 140620307883776->operation 6:add many edges
1 head.free_head:2497 2498 2498 2559
thread 140620307883776waiting......
parse:0
thread 140620299491072->operation 6:add many edges
2 head.free_head:2497 2498 2498 2559
thread 140620299491072waiting......
parse:0
thread 140620316276480->operation 6:add many edges
0 head.free_head:2497 2498 2498 2559
thread 140620316276480waiting......
parse:0
thread 140620282705664->operation 6:add many edges
1 head.free_head:2496 2497 2497 2559
thread 140620282705664waiting......
parse:0
thread 140620291098368->operation 6:add many edges
2 head.free_head:2496 2497 2497 2559
thread 140620291098368waiting......
parse:0
thread 140620274312960->operation 6:add many edges
0 head.free_head:2496 2497 2497 2559
thread 140620274312960waiting......
parse:0
thread 140620265920256->operation 6:add many edges
1 head.free_head:2495 2496 2496 2559
thread 140620265920256waiting......
parse:0
thread 140619905230592->operation 6:add many edges
2 head.free_head:2495 2496 2496 2559
thread 140619905230592waiting......
parse:0
thread 140619913623296->operation 6:add many edges
0 head.free_head:2495 2496 2496 2559
thread 140619913623296waiting......
parse:0
thread 140620400105216->operation 6:add many edges
1 head.free_head:2494 2495 2495 2559
thread 140620400105216waiting......
parse:0
thread 140620307883776->operation 6:add many edges
2 head.free_head:2494 2495 2495 2559
thread 140620307883776waiting......
parse:0
thread 140620299491072->operation 6:add many edges
0 head.free_head:2494 2495 2495 2559
thread 140620299491072waiting......
parse:0
thread 140620316276480->operation 6:add many edges
1 head.free_head:2493 2494 2494 2559
thread 140620316276480waiting......
parse:0
thread 140620282705664->operation 6:add many edges
2 head.free_head:2493 2494 2494 2559
thread 140620282705664waiting......
parse:0
thread 140620291098368->operation 6:add many edges
0 head.free_head:2493 2494 2494 2559
thread 140620291098368waiting......
parse:0
thread 140620274312960->operation 6:add many edges
1 head.free_head:2492 2493 2493 2559
thread 140620274312960waiting......
parse:0
thread 140620265920256->operation 6:add many edges
2 head.free_head:2492 2493 2493 2559
thread 140620265920256waiting......
parse:0
thread 140619905230592->operation 6:add many edges
0 head.free_head:2492 2493 2493 2559
thread 140619905230592waiting......
parse:0
thread 140619913623296->operation 6:add many edges
1 head.free_head:2491 2492 2492 2559
thread 140619913623296waiting......
parse:0
thread 140620400105216->operation 6:add many edges
2 head.free_head:2491 2492 2492 2559
thread 140620400105216waiting......
parse:0
thread 140620307883776->operation 6:add many edges
0 head.free_head:2491 2492 2492 2559
thread 140620307883776waiting......
parse:0
thread 140620299491072->operation 6:add many edges
1 head.free_head:2490 2491 2491 2559
thread 140620299491072waiting......
parse:0
thread 140620316276480->operation 6:add many edges
2 head.free_head:2490 2491 2491 2559
thread 140620316276480waiting......
parse:0
thread 140620282705664->operation 6:add many edges
0 head.free_head:2490 2491 2491 2559
thread 140620282705664waiting......
parse:0
thread 140620291098368->operation 6:add many edges
1 head.free_head:2489 2490 2490 2559
thread 140620291098368waiting......
parse:0
thread 140620274312960->operation 6:add many edges
2 head.free_head:2489 2490 2490 2559
thread 140620274312960waiting......
thread 140620265920256->operation 15:get all vertex
thread 140620265920256waiting......
all graph :/home/zhaomasha/graphdata xigou
graph :/home/zhaomasha/graphdata/test xigou
subgraph:/home/zhaomasha/graphdata/test/0.dat xigou
index: /home/zhaomasha/graphdata/test/0_vertex.index xigou
subgraph:/home/zhaomasha/graphdata/test/1.dat xigou
index: /home/zhaomasha/graphdata/test/1_vertex.index xigou
subgraph:/home/zhaomasha/graphdata/test/2.dat xigou
index: /home/zhaomasha/graphdata/test/2_vertex.index xigou
index: /home/zhaomasha/graphdata/test/edge.index xigou
